29-Dec-2021 10:04:54.069 정보 [main] org.apache.catalina.startup.VersionLoggerListener.log 서버 버전 이름:        Apache Tomcat/9.0.21
29-Dec-2021 10:04:54.081 정보 [main] org.apache.catalina.startup.VersionLoggerListener.log Server 빌드 시각:          Jun 4 2019 20:19:36 UTC
29-Dec-2021 10:04:54.081 정보 [main] org.apache.catalina.startup.VersionLoggerListener.log Server 버전 번호:         9.0.21.0
29-Dec-2021 10:04:54.081 정보 [main] org.apache.catalina.startup.VersionLoggerListener.log 운영체제 이름:               Windows 10
29-Dec-2021 10:04:54.081 정보 [main] org.apache.catalina.startup.VersionLoggerListener.log 운영체제 버전:            10.0
29-Dec-2021 10:04:54.081 정보 [main] org.apache.catalina.startup.VersionLoggerListener.log 아키텍처:          amd64
29-Dec-2021 10:04:54.081 정보 [main] org.apache.catalina.startup.VersionLoggerListener.log 자바 홈:             C:\openjdk-1.8\jre
29-Dec-2021 10:04:54.081 정보 [main] org.apache.catalina.startup.VersionLoggerListener.log JVM 버전:           1.8.0_312-b07
29-Dec-2021 10:04:54.081 정보 [main] org.apache.catalina.startup.VersionLoggerListener.log JVM 벤더:            ojdkbuild
29-Dec-2021 10:04:54.081 정보 [main] org.apache.catalina.startup.VersionLoggerListener.log CATALINA_BASE:         C:\AppRoot\dev_V1\was\apache-tomcat-9.0.21-windows-x64\apache-tomcat-9.0.21
29-Dec-2021 10:04:54.081 정보 [main] org.apache.catalina.startup.VersionLoggerListener.log CATALINA_HOME:         C:\AppRoot\dev_V1\was\apache-tomcat-9.0.21-windows-x64\apache-tomcat-9.0.21
29-Dec-2021 10:04:54.089 정보 [main] org.apache.catalina.startup.VersionLoggerListener.log 명령 행 아규먼트: -Djava.util.logging.config.file=C:\AppRoot\dev_V1\was\apache-tomcat-9.0.21-windows-x64\apache-tomcat-9.0.21\conf\logging.properties
29-Dec-2021 10:04:54.089 정보 [main] org.apache.catalina.startup.VersionLoggerListener.log 명령 행 아규먼트: -Djava.util.logging.manager=org.apache.juli.ClassLoaderLogManager
29-Dec-2021 10:04:54.089 정보 [main] org.apache.catalina.startup.VersionLoggerListener.log 명령 행 아규먼트: -Djdk.tls.ephemeralDHKeySize=2048
29-Dec-2021 10:04:54.090 정보 [main] org.apache.catalina.startup.VersionLoggerListener.log 명령 행 아규먼트: -Djava.protocol.handler.pkgs=org.apache.catalina.webresources
29-Dec-2021 10:04:54.090 정보 [main] org.apache.catalina.startup.VersionLoggerListener.log 명령 행 아규먼트: -Dignore.endorsed.dirs=
29-Dec-2021 10:04:54.090 정보 [main] org.apache.catalina.startup.VersionLoggerListener.log 명령 행 아규먼트: -Dcatalina.base=C:\AppRoot\dev_V1\was\apache-tomcat-9.0.21-windows-x64\apache-tomcat-9.0.21
29-Dec-2021 10:04:54.091 정보 [main] org.apache.catalina.startup.VersionLoggerListener.log 명령 행 아규먼트: -Dcatalina.home=C:\AppRoot\dev_V1\was\apache-tomcat-9.0.21-windows-x64\apache-tomcat-9.0.21
29-Dec-2021 10:04:54.091 정보 [main] org.apache.catalina.startup.VersionLoggerListener.log 명령 행 아규먼트: -Djava.io.tmpdir=C:\AppRoot\dev_V1\was\apache-tomcat-9.0.21-windows-x64\apache-tomcat-9.0.21\temp
29-Dec-2021 10:04:54.091 정보 [main] org.apache.catalina.core.AprLifecycleListener.lifecycleEvent APR 버전 [1.6.5]을(를) 사용한, APR 기반 Apache Tomcat Native 라이브러리 [1.2.21]을(를) 로드했습니다.
29-Dec-2021 10:04:54.092 정보 [main] org.apache.catalina.core.AprLifecycleListener.lifecycleEvent APR 용량정보들: IPv6 [true], sendfile [true], accept filters [false], random [true].
29-Dec-2021 10:04:54.092 정보 [main] org.apache.catalina.core.AprLifecycleListener.lifecycleEvent APR/OpenSSL 설정: useAprConnector [false], useOpenSSL [true]
29-Dec-2021 10:04:54.095 정보 [main] org.apache.catalina.core.AprLifecycleListener.initializeSSL OpenSSL이 성공적으로 초기화되었습니다: [OpenSSL 1.1.1a  20 Nov 2018]
29-Dec-2021 10:04:54.448 정보 [main] org.apache.coyote.AbstractProtocol.init 프로토콜 핸들러 ["http-nio-8080"]을(를) 초기화합니다.
29-Dec-2021 10:04:54.491 정보 [main] org.apache.coyote.AbstractProtocol.init 프로토콜 핸들러 ["ajp-nio-8009"]을(를) 초기화합니다.
29-Dec-2021 10:04:54.494 정보 [main] org.apache.catalina.startup.Catalina.load [522] 밀리초 내에 서버가 초기화되었습니다.
29-Dec-2021 10:04:54.511 정보 [main] org.apache.catalina.core.StandardService.startInternal 서비스 [Catalina]을(를) 시작합니다.
29-Dec-2021 10:04:54.512 정보 [main] org.apache.catalina.core.StandardEngine.startInternal 서버 엔진을 시작합니다: [Apache Tomcat/9.0.21]
29-Dec-2021 10:04:54.516 정보 [main] org.apache.catalina.startup.HostConfig.deployDirectory 웹 애플리케이션 디렉토리 [C:\AppRoot\dev_V1\was\apache-tomcat-9.0.21-windows-x64\apache-tomcat-9.0.21\webapps\docs]을(를) 배치합니다.
29-Dec-2021 10:04:54.749 정보 [main] org.apache.catalina.startup.HostConfig.deployDirectory 웹 애플리케이션 디렉토리 [C:\AppRoot\dev_V1\was\apache-tomcat-9.0.21-windows-x64\apache-tomcat-9.0.21\webapps\docs]에 대한 배치가 [233] 밀리초에 완료되었습니다.
29-Dec-2021 10:04:54.750 정보 [main] org.apache.catalina.startup.HostConfig.deployDirectory 웹 애플리케이션 디렉토리 [C:\AppRoot\dev_V1\was\apache-tomcat-9.0.21-windows-x64\apache-tomcat-9.0.21\webapps\examples]을(를) 배치합니다.
29-Dec-2021 10:04:55.288 정보 [main] org.apache.catalina.startup.HostConfig.deployDirectory 웹 애플리케이션 디렉토리 [C:\AppRoot\dev_V1\was\apache-tomcat-9.0.21-windows-x64\apache-tomcat-9.0.21\webapps\examples]에 대한 배치가 [538] 밀리초에 완료되었습니다.
29-Dec-2021 10:04:55.289 정보 [main] org.apache.catalina.startup.HostConfig.deployDirectory 웹 애플리케이션 디렉토리 [C:\AppRoot\dev_V1\was\apache-tomcat-9.0.21-windows-x64\apache-tomcat-9.0.21\webapps\host-manager]을(를) 배치합니다.
29-Dec-2021 10:04:55.315 정보 [main] org.apache.catalina.startup.HostConfig.deployDirectory 웹 애플리케이션 디렉토리 [C:\AppRoot\dev_V1\was\apache-tomcat-9.0.21-windows-x64\apache-tomcat-9.0.21\webapps\host-manager]에 대한 배치가 [26] 밀리초에 완료되었습니다.
29-Dec-2021 10:04:55.316 정보 [main] org.apache.catalina.startup.HostConfig.deployDirectory 웹 애플리케이션 디렉토리 [C:\AppRoot\dev_V1\was\apache-tomcat-9.0.21-windows-x64\apache-tomcat-9.0.21\webapps\manager]을(를) 배치합니다.
29-Dec-2021 10:04:55.338 정보 [main] org.apache.catalina.startup.HostConfig.deployDirectory 웹 애플리케이션 디렉토리 [C:\AppRoot\dev_V1\was\apache-tomcat-9.0.21-windows-x64\apache-tomcat-9.0.21\webapps\manager]에 대한 배치가 [22] 밀리초에 완료되었습니다.
29-Dec-2021 10:04:55.339 정보 [main] org.apache.catalina.startup.HostConfig.deployDirectory 웹 애플리케이션 디렉토리 [C:\AppRoot\dev_V1\was\apache-tomcat-9.0.21-windows-x64\apache-tomcat-9.0.21\webapps\ROOT]을(를) 배치합니다.
29-Dec-2021 10:04:55.350 정보 [main] org.apache.catalina.startup.HostConfig.deployDirectory 웹 애플리케이션 디렉토리 [C:\AppRoot\dev_V1\was\apache-tomcat-9.0.21-windows-x64\apache-tomcat-9.0.21\webapps\ROOT]에 대한 배치가 [11] 밀리초에 완료되었습니다.
29-Dec-2021 10:04:55.353 정보 [main] org.apache.coyote.AbstractProtocol.start 프로토콜 핸들러 ["http-nio-8080"]을(를) 시작합니다.
29-Dec-2021 10:04:55.358 정보 [main] org.apache.coyote.AbstractProtocol.start 프로토콜 핸들러 ["ajp-nio-8009"]을(를) 시작합니다.
29-Dec-2021 10:04:55.359 정보 [main] org.apache.catalina.startup.Catalina.start 서버가 [864] 밀리초 내에 시작되었습니다.
29-Dec-2021 10:05:05.496 정보 [Thread-5] org.apache.coyote.AbstractProtocol.pause 프로토콜 핸들러 ["http-nio-8080"]을(를) 일시 정지 중
29-Dec-2021 10:05:05.527 정보 [Thread-5] org.apache.coyote.AbstractProtocol.pause 프로토콜 핸들러 ["ajp-nio-8009"]을(를) 일시 정지 중
29-Dec-2021 10:05:05.551 정보 [Thread-5] org.apache.catalina.core.StandardService.stopInternal 서비스 [Catalina]을(를) 중지시킵니다.
29-Dec-2021 10:05:05.561 정보 [Thread-5] org.apache.coyote.AbstractProtocol.stop 프로토콜 핸들러 ["http-nio-8080"]을(를) 중지시킵니다.
29-Dec-2021 10:05:05.563 정보 [Thread-5] org.apache.coyote.AbstractProtocol.stop 프로토콜 핸들러 ["ajp-nio-8009"]을(를) 중지시킵니다.
